Wed Apr 23 18:22:15 UTC 2025
Thu Apr 24 13:36:45 UTC 2025
Fri Apr 25 13:33:36 UTC 2025
Sat Apr 26 13:04:07 UTC 2025
Sun Apr 27 13:04:29 UTC 2025
Mon Apr 28 13:50:02 UTC 2025
Tue Apr 29 13:44:28 UTC 2025
Wed Apr 30 13:35:12 UTC 2025
Thu May  1 13:17:54 UTC 2025
Fri May  2 13:34:05 UTC 2025
Sat May  3 13:13:15 UTC 2025
Sun May  4 13:13:56 UTC 2025
Mon May  5 13:36:15 UTC 2025
Tue May  6 13:40:28 UTC 2025
Wed May  7 13:42:56 UTC 2025
Thu May  8 13:35:32 UTC 2025
Fri May  9 13:35:26 UTC 2025
Sat May 10 13:13:26 UTC 2025
Sun May 11 13:13:44 UTC 2025
Mon May 12 13:42:33 UTC 2025
Tue May 13 13:43:21 UTC 2025
Wed May 14 13:37:47 UTC 2025
Thu May 15 13:37:29 UTC 2025
Fri May 16 13:37:03 UTC 2025
Sat May 17 13:14:01 UTC 2025
Sun May 18 13:14:56 UTC 2025
Mon May 19 13:42:14 UTC 2025
Tue May 20 13:42:58 UTC 2025
Wed May 21 13:40:24 UTC 2025
Thu May 22 13:40:42 UTC 2025
Fri May 23 13:36:26 UTC 2025
Sat May 24 13:17:22 UTC 2025
Sun May 25 12:34:14 UTC 2025
Mon May 26 12:37:00 UTC 2025
Tue May 27 12:39:17 UTC 2025
